<?xml version="1.0" encoding="UTF-8"?>
<testsuite xmlns:xsi="http://www.w3.org/2001/XMLSchema-instance" xsi:noNamespaceSchemaLocation="https://maven.apache.org/surefire/maven-surefire-plugin/xsd/surefire-test-report-3.0.xsd" version="3.0" name="org.example.Runners.runners" time="393.091" tests="18" errors="0" skipped="0" failures="3">
  <properties>
[...]
</properties>
  <testcase name="runScenario" classname="org.example.Runners.runners" time="23.452"/>
  <testcase name="runScenario" classname="org.example.Runners.runners" time="17.736"/>
  <testcase name="runScenario" classname="org.example.Runners.runners" time="15.212"/>
  <testcase name="runScenario" classname="org.example.Runners.runners" time="13.841"/>
  <testcase name="runScenario" classname="org.example.Runners.runners" time="15.197"/>
  <testcase name="runScenario" classname="org.example.Runners.runners" time="16.334"/>
  <testcase name="runScenario" classname="org.example.Runners.runners" time="15.385"/>
  <testcase name="runScenario" classname="org.example.Runners.runners" time="18.334"/>
  <testcase name="runScenario" classname="org.example.Runners.runners" time="22.124"/>
  <testcase name="runScenario" classname="org.example.Runners.runners" time="31.158"/>
  <testcase name="runScenario" classname="org.example.Runners.runners" time="12.95"/>
  <testcase name="runScenario" classname="org.example.Runners.runners" time="14.678">
    <failure message="expected [https://demo.nopcommerce.com/nokia-lumia-1020] but found [https://demo.nopcommerce.com/]" type="java.lang.AssertionError"><![CDATA[java.lang.AssertionError: expected [https://demo.nopcommerce.com/nokia-lumia-1020] but found [https://demo.nopcommerce.com/]
]]></failure>
    <system-out><![CDATA[
@smoke
Scenario: first slider is clickable on home page &amp#27;[90m# src/main/resources/features/F06_hSliders.feature:3&amp#27;[0m
  &amp#27;[32mWhen &amp#27;[0m&amp#27;[32mclicking on the first slider&amp#27;[0m              &amp#27;[90m# org.example.stepDefs.D06_hSlidersStepDef.firstSlider()&amp#27;[0m
  &amp#27;[31mThen &amp#27;[0m&amp#27;[31mcheck if u are rotated to nokia page&amp#27;[0m      &amp#27;[90m# org.example.stepDefs.D06_hSlidersStepDef.checkIfUAreRotatedToNokiaPage()&amp#27;[0m
      &amp#27;[31mjava.lang.AssertionError: expected [https://demo.nopcommerce.com/nokia-lumia-1020] but found [https://demo.nopcommerce.com/]
	at org.testng.Assert.fail(Assert.java:99)
	at org.testng.Assert.failNotEquals(Assert.java:1037)
	at org.testng.Assert.assertEqualsImpl(Assert.java:140)
	at org.testng.Assert.assertEquals(Assert.java:122)
	at org.testng.Assert.assertEquals(Assert.java:629)
	at org.testng.Assert.assertEquals(Assert.java:639)
	at org.example.stepDefs.D06_hSlidersStepDef.checkIfUAreRotatedToNokiaPage(D06_hSlidersStepDef.java:25)
	at ✽.check if u are rotated to nokia page(file:///C:/Users/Sono-/Desktop/Java/automatedwebsite/src/main/resources/features/F06_hSliders.feature:5)
&amp#27;[0m
]]></system-out>
    <system-err><![CDATA[Starting ChromeDriver 107.0.5304.62 (1eec40d3a5764881c92085aaee66d25075c159aa-refs/branch-heads/5304@{#942}) on port 65063
Only local connections are allowed.
Please see https://chromedriver.chromium.org/security-considerations for suggestions on keeping ChromeDriver safe.
ChromeDriver was started successfully.
Nov 24, 2022 6:43:52 PM org.openqa.selenium.remote.ProtocolHandshake createSession
INFO: Detected dialect: W3C
Nov 24, 2022 6:43:52 PM org.openqa.selenium.devtools.CdpVersionFinder findNearestMatch
WARNING: Unable to find an exact match for CDP version 107, so returning the closest version found: a no-op implementation
Nov 24, 2022 6:43:52 PM org.openqa.selenium.devtools.CdpVersionFinder findNearestMatch
INFO: Unable to find CDP implementation matching 107.
Nov 24, 2022 6:43:52 PM org.openqa.selenium.chromium.ChromiumDriver lambda$new$3
WARNING: Unable to find version of CDP to use for . You may need to include a dependency on a specific version of the CDP using something similar to `org.seleniumhq.selenium:selenium-devtools-v86:4.0.0` where the version ("v86") matches the version of the chromium-based browser you're using and the version number of the artifact is the same as Selenium's.
]]></system-err>
  </testcase>
  <testcase name="runScenario" classname="org.example.Runners.runners" time="15.318">
    <failure message="expected [ https://demo.nopcommerce.com/iphone-6] but found [https://demo.nopcommerce.com/]" type="java.lang.AssertionError"><![CDATA[java.lang.AssertionError: expected [ https://demo.nopcommerce.com/iphone-6] but found [https://demo.nopcommerce.com/]
]]></failure>
    <system-out><![CDATA[
@smoke
Scenario: second slider is clickable on home page &amp#27;[90m# src/main/resources/features/F06_hSliders.feature:7&amp#27;[0m
  &amp#27;[32mWhen &amp#27;[0m&amp#27;[32mclicking on the second slider&amp#27;[0m              &amp#27;[90m# org.example.stepDefs.D06_hSlidersStepDef.clickingOnTheSecondSlider()&amp#27;[0m
  &amp#27;[31mThen &amp#27;[0m&amp#27;[31mcheck if u are rotated to iphone page&amp#27;[0m      &amp#27;[90m# org.example.stepDefs.D06_hSlidersStepDef.checkIfUAreRotatedToIphonePage()&amp#27;[0m
      &amp#27;[31mjava.lang.AssertionError: expected [ https://demo.nopcommerce.com/iphone-6] but found [https://demo.nopcommerce.com/]
	at org.testng.Assert.fail(Assert.java:99)
	at org.testng.Assert.failNotEquals(Assert.java:1037)
	at org.testng.Assert.assertEqualsImpl(Assert.java:140)
	at org.testng.Assert.assertEquals(Assert.java:122)
	at org.testng.Assert.assertEquals(Assert.java:629)
	at org.testng.Assert.assertEquals(Assert.java:639)
	at org.example.stepDefs.D06_hSlidersStepDef.checkIfUAreRotatedToIphonePage(D06_hSlidersStepDef.java:40)
	at ✽.check if u are rotated to iphone page(file:///C:/Users/Sono-/Desktop/Java/automatedwebsite/src/main/resources/features/F06_hSliders.feature:9)
&amp#27;[0m
]]></system-out>
    <system-err><![CDATA[Starting ChromeDriver 107.0.5304.62 (1eec40d3a5764881c92085aaee66d25075c159aa-refs/branch-heads/5304@{#942}) on port 51278
Only local connections are allowed.
Please see https://chromedriver.chromium.org/security-considerations for suggestions on keeping ChromeDriver safe.
ChromeDriver was started successfully.
Nov 24, 2022 6:44:06 PM org.openqa.selenium.remote.ProtocolHandshake createSession
INFO: Detected dialect: W3C
Nov 24, 2022 6:44:06 PM org.openqa.selenium.devtools.CdpVersionFinder findNearestMatch
WARNING: Unable to find an exact match for CDP version 107, so returning the closest version found: a no-op implementation
Nov 24, 2022 6:44:06 PM org.openqa.selenium.devtools.CdpVersionFinder findNearestMatch
INFO: Unable to find CDP implementation matching 107.
Nov 24, 2022 6:44:06 PM org.openqa.selenium.chromium.ChromiumDriver lambda$new$3
WARNING: Unable to find version of CDP to use for . You may need to include a dependency on a specific version of the CDP using something similar to `org.seleniumhq.selenium:selenium-devtools-v86:4.0.0` where the version ("v86") matches the version of the chromium-based browser you're using and the version number of the artifact is the same as Selenium's.
]]></system-err>
  </testcase>
  <testcase name="runScenario" classname="org.example.Runners.runners" time="44.094"/>
  <testcase name="runScenario" classname="org.example.Runners.runners" time="19.334"/>
  <testcase name="runScenario" classname="org.example.Runners.runners" time="19.7">
    <failure message="expected [https://demo.nopcommerce.com/new-online-store-is-open] but found [https://demo.nopcommerce.com/news/rss/1]" type="java.lang.AssertionError"><![CDATA[java.lang.AssertionError: expected [https://demo.nopcommerce.com/new-online-store-is-open] but found [https://demo.nopcommerce.com/news/rss/1]
]]></failure>
    <system-out><![CDATA[
@smoke
Scenario: Check Rss icon        &amp#27;[90m# src/main/resources/features/F07_followUs.feature:14&amp#27;[0m
  &amp#27;[32mWhen &amp#27;[0m&amp#27;[32mclicking on the Rss icon&amp#27;[0m &amp#27;[90m# org.example.stepDefs.D07_followUsStepDef.clickingOnTheRssIcon()&amp#27;[0m
  &amp#27;[31mThen &amp#27;[0m&amp#27;[31mverify the Rss url&amp#27;[0m       &amp#27;[90m# org.example.stepDefs.D07_followUsStepDef.rssURL()&amp#27;[0m
      &amp#27;[31mjava.lang.AssertionError: expected [https://demo.nopcommerce.com/new-online-store-is-open] but found [https://demo.nopcommerce.com/news/rss/1]
	at org.testng.Assert.fail(Assert.java:99)
	at org.testng.Assert.failNotEquals(Assert.java:1037)
	at org.testng.Assert.assertEqualsImpl(Assert.java:140)
	at org.testng.Assert.assertEquals(Assert.java:122)
	at org.testng.Assert.assertEquals(Assert.java:629)
	at org.testng.Assert.assertEquals(Assert.java:639)
	at org.example.stepDefs.D07_followUsStepDef.rssURL(D07_followUsStepDef.java:48)
	at ✽.verify the Rss url(file:///C:/Users/Sono-/Desktop/Java/automatedwebsite/src/main/resources/features/F07_followUs.feature:16)
&amp#27;[0m
]]></system-out>
    <system-err><![CDATA[Starting ChromeDriver 107.0.5304.62 (1eec40d3a5764881c92085aaee66d25075c159aa-refs/branch-heads/5304@{#942}) on port 64597
Only local connections are allowed.
Please see https://chromedriver.chromium.org/security-considerations for suggestions on keeping ChromeDriver safe.
ChromeDriver was started successfully.
Nov 24, 2022 6:45:25 PM org.openqa.selenium.remote.ProtocolHandshake createSession
INFO: Detected dialect: W3C
Nov 24, 2022 6:45:25 PM org.openqa.selenium.devtools.CdpVersionFinder findNearestMatch
WARNING: Unable to find an exact match for CDP version 107, so returning the closest version found: a no-op implementation
Nov 24, 2022 6:45:25 PM org.openqa.selenium.devtools.CdpVersionFinder findNearestMatch
INFO: Unable to find CDP implementation matching 107.
Nov 24, 2022 6:45:25 PM org.openqa.selenium.chromium.ChromiumDriver lambda$new$3
WARNING: Unable to find version of CDP to use for . You may need to include a dependency on a specific version of the CDP using something similar to `org.seleniumhq.selenium:selenium-devtools-v86:4.0.0` where the version ("v86") matches the version of the chromium-based browser you're using and the version number of the artifact is the same as Selenium's.
]]></system-err>
  </testcase>
  <testcase name="runScenario" classname="org.example.Runners.runners" time="53.66"/>
  <testcase name="runScenario" classname="org.example.Runners.runners" time="23.555"/>
</testsuite>